<?xml version="1.0" encoding="UTF-8"?>
<testng-results skipped="0" failed="0" ignored="0" total="1" passed="1">
  <reporter-output>
  </reporter-output>
  <suite name="Default suite" duration-ms="51512" started-at="2019-06-03T11:03:52Z" finished-at="2019-06-03T11:04:44Z">
    <groups>
    </groups>
    <test name="Default test" duration-ms="51512" started-at="2019-06-03T11:03:52Z" finished-at="2019-06-03T11:04:44Z">
      <class name="com.training.sanity.tests.RETC_008_ApartmentTab_CalculateButton">
        <test-method status="PASS" signature="setUpBeforeClass()[pri:0, instance:com.training.sanity.tests.RETC_008_ApartmentTab_CalculateButton@47c62251]" name="setUpBeforeClass" is-config="true" duration-ms="13" started-at="2019-06-03T11:03:52Z" finished-at="2019-06-03T11:03:52Z">
          <reporter-output>
          </reporter-output>
        </test-method> <!-- setUpBeforeClass -->
        <test-method status="PASS" signature="setUp()[pri:0, instance:com.training.sanity.tests.RETC_008_ApartmentTab_CalculateButton@47c62251]" name="setUp" is-config="true" duration-ms="17905" started-at="2019-06-03T11:03:52Z" finished-at="2019-06-03T11:04:10Z">
          <reporter-output>
          </reporter-output>
        </test-method> <!-- setUp -->
        <test-method status="PASS" signature="apartmentSearchButtonTest()[pri:0, instance:com.training.sanity.tests.RETC_008_ApartmentTab_CalculateButton@47c62251]" name="apartmentSearchButtonTest" duration-ms="31657" started-at="2019-06-03T11:04:10Z" finished-at="2019-06-03T11:04:42Z">
          <reporter-output>
          </reporter-output>
        </test-method> <!-- apartmentSearchButtonTest -->
        <test-method status="PASS" signature="tearDown()[pri:0, instance:com.training.sanity.tests.RETC_008_ApartmentTab_CalculateButton@47c62251]" name="tearDown" is-config="true" duration-ms="1910" started-at="2019-06-03T11:04:42Z" finished-at="2019-06-03T11:04:44Z">
          <reporter-output>
          </reporter-output>
        </test-method> <!-- tearDown -->
      </class> <!-- com.training.sanity.tests.RETC_008_ApartmentTab_CalculateButton -->
    </test> <!-- Default test -->
  </suite> <!-- Default suite -->
</testng-results>
