<?xml version="1.0" encoding="UTF-8"?>
<testng-results skipped="0" failed="0" ignored="0" total="2" passed="2">
  <reporter-output>
  </reporter-output>
  <suite name="Default suite" duration-ms="78885" started-at="2019-06-21T07:30:55Z" finished-at="2019-06-21T07:32:14Z">
    <groups>
    </groups>
    <test name="Default test" duration-ms="78885" started-at="2019-06-21T07:30:55Z" finished-at="2019-06-21T07:32:14Z">
      <class name="com.training.sanity.tests.InvalidDeatilsToCalculateMortgage_RETC_069">
        <test-method status="PASS" signature="setUpBeforeClass()[pri:0, instance:com.training.sanity.tests.InvalidDeatilsToCalculateMortgage_RETC_069@3e6fa38a]" name="setUpBeforeClass" is-config="true" duration-ms="17" started-at="2019-06-21T07:30:55Z" finished-at="2019-06-21T07:30:55Z">
          <reporter-output>
          </reporter-output>
        </test-method> <!-- setUpBeforeClass -->
        <test-method status="PASS" signature="setUp()[pri:0, instance:com.training.sanity.tests.InvalidDeatilsToCalculateMortgage_RETC_069@3e6fa38a]" name="setUp" is-config="true" duration-ms="15483" started-at="2019-06-21T07:30:55Z" finished-at="2019-06-21T07:31:11Z">
          <reporter-output>
          </reporter-output>
        </test-method> <!-- setUp -->
        <test-method status="PASS" signature="calculateMortgageforInvalidValuesClass(java.lang.String, java.lang.String, java.lang.String, java.lang.String)[pri:0, instance:com.training.sanity.tests.InvalidDeatilsToCalculateMortgage_RETC_069@3e6fa38a]" name="calculateMortgageforInvalidValuesClass" duration-ms="22041" started-at="2019-06-21T07:31:11Z" data-provider="excel-inputs2" finished-at="2019-06-21T07:31:33Z">
          <params>
            <param index="0">
              <value>
                <![CDATA[500000.0]]>
              </value>
            </param>
            <param index="1">
              <value>
                <![CDATA[]]>
              </value>
            </param>
            <param index="2">
              <value>
                <![CDATA[]]>
              </value>
            </param>
            <param index="3">
              <value>
                <![CDATA[]]>
              </value>
            </param>
          </params>
          <reporter-output>
          </reporter-output>
        </test-method> <!-- calculateMortgageforInvalidValuesClass -->
        <test-method status="PASS" signature="tearDown()[pri:0, instance:com.training.sanity.tests.InvalidDeatilsToCalculateMortgage_RETC_069@3e6fa38a]" name="tearDown" is-config="true" duration-ms="1797" started-at="2019-06-21T07:31:33Z" finished-at="2019-06-21T07:31:35Z">
          <reporter-output>
          </reporter-output>
        </test-method> <!-- tearDown -->
        <test-method status="PASS" signature="setUp()[pri:0, instance:com.training.sanity.tests.InvalidDeatilsToCalculateMortgage_RETC_069@3e6fa38a]" name="setUp" is-config="true" duration-ms="15313" started-at="2019-06-21T07:31:35Z" finished-at="2019-06-21T07:31:50Z">
          <reporter-output>
          </reporter-output>
        </test-method> <!-- setUp -->
        <test-method status="PASS" signature="calculateMortgageforInvalidValuesClass(java.lang.String, java.lang.String, java.lang.String, java.lang.String)[pri:0, instance:com.training.sanity.tests.InvalidDeatilsToCalculateMortgage_RETC_069@3e6fa38a]" name="calculateMortgageforInvalidValuesClass" duration-ms="21909" started-at="2019-06-21T07:31:50Z" data-provider="excel-inputs2" finished-at="2019-06-21T07:32:12Z">
          <params>
            <param index="0">
              <value>
                <![CDATA[8900.0]]>
              </value>
            </param>
            <param index="1">
              <value>
                <![CDATA[900.0]]>
              </value>
            </param>
            <param index="2">
              <value>
                <![CDATA[9.0]]>
              </value>
            </param>
            <param index="3">
              <value>
                <![CDATA[]]>
              </value>
            </param>
          </params>
          <reporter-output>
          </reporter-output>
        </test-method> <!-- calculateMortgageforInvalidValuesClass -->
        <test-method status="PASS" signature="tearDown()[pri:0, instance:com.training.sanity.tests.InvalidDeatilsToCalculateMortgage_RETC_069@3e6fa38a]" name="tearDown" is-config="true" duration-ms="1802" started-at="2019-06-21T07:32:12Z" finished-at="2019-06-21T07:32:14Z">
          <reporter-output>
          </reporter-output>
        </test-method> <!-- tearDown -->
      </class> <!-- com.training.sanity.tests.InvalidDeatilsToCalculateMortgage_RETC_069 -->
    </test> <!-- Default test -->
  </suite> <!-- Default suite -->
</testng-results>
