<?xml version="1.0" encoding="UTF-8"?>
<!-- Generated by org.testng.reporters.JUnitXMLReporter -->
<testsuite hostname="DESKTOP-4B6UQIK" ignored="0" name="Default test" tests="2" failures="0" timestamp="21 Jun 2019 07:32:14 GMT" time="78.885" errors="0">
  <testcase name="calculateMortgageforInvalidValuesClass" time="22.041" classname="com.training.sanity.tests.InvalidDeatilsToCalculateMortgage_RETC_069"/>
  <testcase name="calculateMortgageforInvalidValuesClass" time="21.909" classname="com.training.sanity.tests.InvalidDeatilsToCalculateMortgage_RETC_069"/>
</testsuite> <!-- Default test -->
